<?xml version="1.0" encoding="UTF-8"?>
<testng-results skipped="0" failed="0" total="1" passed="1">
  <reporter-output>
  </reporter-output>
  <suite name="Default suite" duration-ms="51233" started-at="2019-06-15T10:06:29Z" finished-at="2019-06-15T10:07:20Z">
    <groups>
    </groups>
    <test name="Default test" duration-ms="51233" started-at="2019-06-15T10:06:29Z" finished-at="2019-06-15T10:07:20Z">
      <class name="tests.NewTest">
        <test-method status="PASS" signature="openMyBlog()[pri:0, instance:tests.NewTest@4cdbe50f]" name="openMyBlog" duration-ms="51157" started-at="2019-06-15T15:36:29Z" finished-at="2019-06-15T15:37:20Z">
          <reporter-output>
          </reporter-output>
        </test-method> <!-- openMyBlog -->
      </class> <!-- tests.NewTest -->
    </test> <!-- Default test -->
  </suite> <!-- Default suite -->
</testng-results>
